J:\EPSDK\C-REBUILD\CONSOLEAPPLICATION1\CONSOLEAPPLICATION1\DEBUG\CONSOLEAPPLICATION1.PCH
J:\EPSDK\C-REBUILD\CONSOLEAPPLICATION1\CONSOLEAPPLICATION1\DEBUG\VC110.PDB
J:\EPSDK\C-REBUILD\CONSOLEAPPLICATION1\CONSOLEAPPLICATION1\DEBUG\STDAFX.OBJ
J:\EPSDK\C-REBUILD\CONSOLEAPPLICATION1\CONSOLEAPPLICATION1\DEBUG\CONSOLEAPPLICATION1.OBJ
J:\EPSDK\C-REBUILD\CONSOLEAPPLICATION1\DEBUG\CONSOLEAPPLICATION1.ILK
J:\EPSDK\C-REBUILD\CONSOLEAPPLICATION1\DEBUG\CONSOLEAPPLICATION1.EXE
J:\EPSDK\C-REBUILD\CONSOLEAPPLICATION1\DEBUG\CONSOLEAPPLICATION1.PDB
J:\EPSDK\C-Rebuild\ConsoleApplication1\ConsoleApplication1\Debug\ConsoleApplication1.obj
J:\EPSDK\C-Rebuild\ConsoleApplication1\ConsoleApplication1\Debug\stdafx.obj
J:\EPSDK\C-Rebuild\ConsoleApplication1\ConsoleApplication1\Debug\cl.command.1.tlog
J:\EPSDK\C-Rebuild\ConsoleApplication1\ConsoleApplication1\Debug\CL.read.1.tlog
J:\EPSDK\C-Rebuild\ConsoleApplication1\ConsoleApplication1\Debug\CL.write.1.tlog
J:\EPSDK\C-Rebuild\ConsoleApplication1\ConsoleApplication1\Debug\link-cvtres.read.1.tlog
J:\EPSDK\C-Rebuild\ConsoleApplication1\ConsoleApplication1\Debug\link-cvtres.write.1.tlog
J:\EPSDK\C-Rebuild\ConsoleApplication1\ConsoleApplication1\Debug\link-rc.read.1.tlog
J:\EPSDK\C-Rebuild\ConsoleApplication1\ConsoleApplication1\Debug\link-rc.write.1.tlog
J:\EPSDK\C-Rebuild\ConsoleApplication1\ConsoleApplication1\Debug\link.command.1.tlog
J:\EPSDK\C-Rebuild\ConsoleApplication1\ConsoleApplication1\Debug\link.read.1.tlog
J:\EPSDK\C-Rebuild\ConsoleApplication1\ConsoleApplication1\Debug\link.write.1.tlog
J:\EPSDK\C-Rebuild\ConsoleApplication1\ConsoleApplication1\Debug\ConsoleApplication1.pch
J:\EPSDK\C-Rebuild\ConsoleApplication1\ConsoleApplication1\Debug\vc110.idb
J:\EPSDK\C-Rebuild\ConsoleApplication1\ConsoleApplication1\Debug\vc110.pdb
J:\EPSDK\C-Rebuild\ConsoleApplication1\Debug\ConsoleApplication1.pdb
J:\EPSDK\C-Rebuild\ConsoleApplication1\Debug\ConsoleApplication1.exe
J:\EPSDK\C-Rebuild\ConsoleApplication1\Debug\ConsoleApplication1.ilk
